<?xml version="1.0" encoding="UTF-8"?>
<!-- Generated by org.testng.reporters.JUnitReportReporter -->
<testsuite hostname="LAPTOP-30AFI7S0" failures="0" tests="2" name="SubscriptionTest" time="17.024" errors="0" timestamp="2023-03-15T20:01:51 EDT" skipped="0">
  <testcase classname="SubscriptionTest" name="testInvalidEmail" time="4.626"/>
  <system-out/>
  <testcase classname="SubscriptionTest" name="testValidEmail" time="12.398"/>
  <system-out/>
</testsuite> <!-- SubscriptionTest -->
